2012-10-14T16:51:35+02:00 INFO (6): D:\sw\dev\web\ceviCloud\module
2012-10-14T16:52:08+02:00 INFO (6): D:\sw\dev\web\ceviCloud\module
2012-10-14T16:53:28+02:00 INFO (6): D:\sw\dev\web\ceviCloud\module
2012-10-14T16:53:46+02:00 INFO (6): D:\sw\dev\web\ceviCloud\module
2012-10-14T16:54:37+02:00 INFO (6): D:\sw\dev\web\ceviCloud\module
2012-10-14T16:56:42+02:00 INFO (6): D:\sw\dev\web\ceviCloud\module
2012-10-14T16:56:44+02:00 INFO (6): Zend\Mvc\Router\Http\RouteMatch::__set_state(array(
   'length' => 1,
   'params' => 
  array (
    'controller' => 'Application\\Controller\\Index',
    'action' => 'index',
  ),
   'matchedRouteName' => 'home',
))
2012-10-14T17:13:29+02:00 INFO (6): D:\sw\dev\web\ceviCloud\module
2012-10-14T17:13:32+02:00 INFO (6): D:\sw\dev\web\ceviCloud\module
2012-10-14T17:14:08+02:00 INFO (6): D:\sw\dev\web\ceviCloud\module
2012-10-14T17:14:08+02:00 INFO (6): Application\Controller\Index
2012-10-14T17:14:18+02:00 INFO (6): D:\sw\dev\web\ceviCloud\module
2012-10-14T17:14:18+02:00 INFO (6): Application\Controller\Index
2012-10-14T17:15:50+02:00 INFO (6): D:\sw\dev\web\ceviCloud\module
2012-10-14T17:15:50+02:00 WARN (4): strpos() expects at least 2 parameters, 1 given {"errno":2,"file":"D:\\sw\\dev\\web\\ceviCloud\\module\\SCToolbox\\Module.php","line":68,"context":"{\"e\":\"object(Zend\\\\Mvc\\\\MvcEvent) {}\",\"log\":\"object(SCToolbox\\\\Log\\\\Logger) {}\",\"router\":\"object(Zend\\\\Mvc\\\\Router\\\\Http\\\\RouteMatch) {}\",\"controller\":\"Application\\\\Controller\\\\Index\"}"}
2012-10-14T17:15:50+02:00 INFO (6):
2012-10-14T17:16:00+02:00 INFO (6): D:\sw\dev\web\ceviCloud\module
2012-10-14T17:16:00+02:00 WARN (4): strpos() expects at least 2 parameters, 1 given {"errno":2,"file":"D:\\sw\\dev\\web\\ceviCloud\\module\\SCToolbox\\Module.php","line":68,"context":"{\"e\":\"object(Zend\\\\Mvc\\\\MvcEvent) {}\",\"log\":\"object(SCToolbox\\\\Log\\\\Logger) {}\",\"router\":\"object(Zend\\\\Mvc\\\\Router\\\\Http\\\\RouteMatch) {}\",\"controller\":\"Application\\\\Controller\\\\Index\"}"}
2012-10-14T17:16:00+02:00 INFO (6):
2012-10-14T17:16:25+02:00 INFO (6): D:\sw\dev\web\ceviCloud\module
2012-10-14T17:16:25+02:00 INFO (6): Application
